app/build/outputs/logs/manifest-merger-debug-report.txt
-- Merging decision tree log ---
manifest
ADDED from src\main\AndroidManifest.xml:2:1-64:12
	package
		ADDED from src\main\AndroidManifest.xml:3:5-35
		INJECTED from src\main\AndroidManifest.xml
		INJECTED from src\main\AndroidManifest.xml
	android:versionName
		ADDED from src\main\AndroidManifest.xml:6:5-30
		INJECTED from src\main\AndroidManifest.xml
		INJECTED from src\main\AndroidManifest.xml
	android:versionCode
		ADDED from src\main\AndroidManifest.xml:5:5-28
		INJECTED from src\main\AndroidManifest.xml
		INJECTED from src\main\AndroidManifest.xml
	xmlns:android
		ADDED from src\main\AndroidManifest.xml:2:11-69
uses-permission#android.permission.INTERNET
ADDED from src\main\AndroidManifest.xml:7:1-63
MERGED from [com.naver.speech.clientapi:naverspeech-sdk-android:1.1.3] AndroidManifest.xml:12:5-67
	android:name
		ADDED from src\main\AndroidManifest.xml:7:18-60
uses-permission#android.permission.RECORD_AUDIO
ADDED from src\main\AndroidManifest.xml:8:1-67
	android:name
		ADDED from src\main\AndroidManifest.xml:8:18-64
uses-permission#android.permission.WRITE_EXTERNAL_STORAGE
ADDED from src\main\AndroidManifest.xml:9:1-77
MERGED from [com.naver.speech.clientapi:naverspeech-sdk-android:1.1.3] AndroidManifest.xml:11:5-81
	android:name
		ADDED from src\main\AndroidManifest.xml:9:18-74
uses-sdk
ADDED from src\main\AndroidManifest.xml:12:5-14:41
MERGED from [org.altbeacon:android-beacon-library:2.10] AndroidManifest.xml:7:5-9:41
MERGED from [com.android.support:appcompat-v7:23.4.0] AndroidManifest.xml:21:5-23:78
MERGED from [com.android.support:animated-vector-drawable:23.4.0] AndroidManifest.xml:5:5-44
MERGED from [com.android.support:support-vector-drawable:23.4.0] AndroidManifest.xml:5:5-43
MERGED from [com.android.support:support-v4:23.4.0] AndroidManifest.xml:20:5-43
MERGED from [com.naver.speech.clientapi:naverspeech-sdk-android:1.1.3] AndroidManifest.xml:7:5-9:41
	tools:overrideLibrary
		ADDED from [com.android.support:appcompat-v7:23.4.0] AndroidManifest.xml:23:9-75
	android:targetSdkVersion
		ADDED from src\main\AndroidManifest.xml:14:9-38
		INJECTED from src\main\AndroidManifest.xml
		INJECTED from src\main\AndroidManifest.xml
	android:minSdkVersion
		ADDED from src\main\AndroidManifest.xml:13:9-34
		INJECTED from src\main\AndroidManifest.xml
		INJECTED from src\main\AndroidManifest.xml
application
ADDED from src\main\AndroidManifest.xml:16:5-62:19
MERGED from [org.altbeacon:android-beacon-library:2.10] AndroidManifest.xml:21:5-40:19
MERGED from [com.android.support:appcompat-v7:23.4.0] AndroidManifest.xml:25:5-20
MERGED from [com.android.support:animated-vector-drawable:23.4.0] AndroidManifest.xml:7:5-20
MERGED from [com.android.support:support-vector-drawable:23.4.0] AndroidManifest.xml:7:5-20
MERGED from [com.android.support:support-v4:23.4.0] AndroidManifest.xml:22:5-20
MERGED from [com.naver.speech.clientapi:naverspeech-sdk-android:1.1.3] AndroidManifest.xml:14:5-15:19
	android:label
		ADDED from src\main\AndroidManifest.xml:19:9-41
	android:supportsRtl
		ADDED from src\main\AndroidManifest.xml:20:9-35
	android:allowBackup
		ADDED from src\main\AndroidManifest.xml:17:9-35
	android:icon
		ADDED from src\main\AndroidManifest.xml:18:9-38
	android:theme
		ADDED from src\main\AndroidManifest.xml:21:9-40
activity#com.example.kimjipsa.Loading
ADDED from src\main\AndroidManifest.xml:22:9-30:20
	android:label
		ADDED from src\main\AndroidManifest.xml:24:13-45
	android:name
		ADDED from src\main\AndroidManifest.xml:23:13-56
intent-filter#android.intent.action.MAIN+android.intent.category.LAUNCHER
ADDED from src\main\AndroidManifest.xml:25:13-29:29
action#android.intent.action.MAIN
ADDED from src\main\AndroidManifest.xml:26:17-69
	android:name
		ADDED from src\main\AndroidManifest.xml:26:25-66
category#android.intent.category.LAUNCHER
ADDED from src\main\AndroidManifest.xml:28:17-77
	android:name
		ADDED from src\main\AndroidManifest.xml:28:27-74
activity#com.example.kimjipsa.PopupActivity
ADDED from src\main\AndroidManifest.xml:31:9-36:20
	android:screenOrientation
		ADDED from src\main\AndroidManifest.xml:34:13-49
	android:launchMode
		ADDED from src\main\AndroidManifest.xml:33:13-48
	android:theme
		ADDED from src\main\AndroidManifest.xml:35:13-61
	android:name
		ADDED from src\main\AndroidManifest.xml:32:13-41
activity#com.example.kimjipsa.NoteList
ADDED from src\main\AndroidManifest.xml:38:9-41:20
	android:label
		ADDED from src\main\AndroidManifest.xml:40:13-45
	android:name
		ADDED from src\main\AndroidManifest.xml:39:13-37
activity#com.example.kimjipsa.ItemList
ADDED from src\main\AndroidManifest.xml:44:9-47:20
	android:label
		ADDED from src\main\AndroidManifest.xml:46:13-45
	android:name
		ADDED from src\main\AndroidManifest.xml:45:13-37
activity#com.example.kimjipsa.VoiceActivity
ADDED from src\main\AndroidManifest.xml:48:9-51:16
	android:label
		ADDED from src\main\AndroidManifest.xml:50:9-41
	android:name
		ADDED from src\main\AndroidManifest.xml:49:9-38
activity#com.example.kimjipsa.NoteEdit
ADDED from src\main\AndroidManifest.xml:53:9-56:63
	android:label
		ADDED from src\main\AndroidManifest.xml:55:13-45
	android:windowSoftInputMode
		ADDED from src\main\AndroidManifest.xml:56:13-60
	android:name
		ADDED from src\main\AndroidManifest.xml:54:13-57
activity#com.example.kimjipsa.Setting
ADDED from src\main\AndroidManifest.xml:58:9-61:20
	android:label
		ADDED from src\main\AndroidManifest.xml:60:13-45
	android:name
		ADDED from src\main\AndroidManifest.xml:59:13-56
uses-permission#android.permission.BLUETOOTH
ADDED from [org.altbeacon:android-beacon-library:2.10] AndroidManifest.xml:11:5-13:36
	android:required
		ADDED from [org.altbeacon:android-beacon-library:2.10] AndroidManifest.xml:13:9-33
	android:name
		ADDED from [org.altbeacon:android-beacon-library:2.10] AndroidManifest.xml:12:9-52
uses-permission#android.permission.BLUETOOTH_ADMIN
ADDED from [org.altbeacon:android-beacon-library:2.10] AndroidManifest.xml:14:5-16:36
	android:required
		ADDED from [org.altbeacon:android-beacon-library:2.10] AndroidManifest.xml:16:9-33
	android:name
		ADDED from [org.altbeacon:android-beacon-library:2.10] AndroidManifest.xml:15:9-58
uses-permission#android.permission.RECEIVE_BOOT_COMPLETED
ADDED from [org.altbeacon:android-beacon-library:2.10] AndroidManifest.xml:17:5-81
	android:name
		ADDED from [org.altbeacon:android-beacon-library:2.10] AndroidManifest.xml:17:22-78
uses-permission-sdk-23
ADDED from [org.altbeacon:android-beacon-library:2.10] AndroidManifest.xml:19:5-88
	android:name
		ADDED from [org.altbeacon:android-beacon-library:2.10] AndroidManifest.xml:19:29-85
receiver#org.altbeacon.beacon.startup.StartupBroadcastReceiver
ADDED from [org.altbeacon:android-beacon-library:2.10] AndroidManifest.xml:22:9-28:20
	android:name
		ADDED from [org.altbeacon:android-beacon-library:2.10] AndroidManifest.xml:22:19-87
intent-filter#android.intent.action.ACTION_POWER_CONNECTED+android.intent.action.ACTION_POWER_DISCONNECTED+android.intent.action.BOOT_COMPLETED
ADDED from [org.altbeacon:android-beacon-library:2.10] AndroidManifest.xml:23:13-27:29
action#android.intent.action.BOOT_COMPLETED
ADDED from [org.altbeacon:android-beacon-library:2.10] AndroidManifest.xml:24:17-79
	android:name
		ADDED from [org.altbeacon:android-beacon-library:2.10] AndroidManifest.xml:24:25-76
action#android.intent.action.ACTION_POWER_CONNECTED
ADDED from [org.altbeacon:android-beacon-library:2.10] AndroidManifest.xml:25:17-87
	android:name
		ADDED from [org.altbeacon:android-beacon-library:2.10] AndroidManifest.xml:25:25-84
action#android.intent.action.ACTION_POWER_DISCONNECTED
ADDED from [org.altbeacon:android-beacon-library:2.10] AndroidManifest.xml:26:17-90
	android:name
		ADDED from [org.altbeacon:android-beacon-library:2.10] AndroidManifest.xml:26:25-87
service#org.altbeacon.beacon.service.BeaconService
ADDED from [org.altbeacon:android-beacon-library:2.10] AndroidManifest.xml:30:9-35:38
	android:enabled
		ADDED from [org.altbeacon:android-beacon-library:2.10] AndroidManifest.xml:32:13-35
	android:label
		ADDED from [org.altbeacon:android-beacon-library:2.10] AndroidManifest.xml:35:13-35
	android:exported
		ADDED from [org.altbeacon:android-beacon-library:2.10] AndroidManifest.xml:33:13-37
	android:isolatedProcess
		ADDED from [org.altbeacon:android-beacon-library:2.10] AndroidManifest.xml:34:13-44
	android:name
		ADDED from [org.altbeacon:android-beacon-library:2.10] AndroidManifest.xml:31:13-70
service#org.altbeacon.beacon.BeaconIntentProcessor
ADDED from [org.altbeacon:android-beacon-library:2.10] AndroidManifest.xml:36:9-39:40
	android:enabled
		ADDED from [org.altbeacon:android-beacon-library:2.10] AndroidManifest.xml:38:13-35
	android:exported
		ADDED from [org.altbeacon:android-beacon-library:2.10] AndroidManifest.xml:39:13-37
	android:name
		ADDED from [org.altbeacon:android-beacon-library:2.10] AndroidManifest.xml:37:13-70